#
# A fatal error has been detected by the Java Runtime Environment:
#
#  SIGSEGV (0xb) at pc=0x00007ff80ad68086, pid=94104, tid=0x000000000000f907
#
# JRE version: Java(TM) SE Runtime Environment (8.0_331-b09) (build 1.8.0_331-b09)
# Java VM: Java HotSpot(TM) 64-Bit Server VM (25.331-b09 mixed mode bsd-amd64 compressed oops)
# Problematic frame:
# C  [libsystem_platform.dylib+0x8086]
[error occurred during error reporting (printing problematic frame), id 0xe0000000]

# Failed to write core dump. Core dumps have been disabled. To enable core dumping, try "ulimit -c unlimited" before starting Java again
#
# If you would like to submit a bug report, please visit:
#   http://bugreport.java.com/bugreport/crash.jsp
#

---------------  T H R E A D  ---------------

Current thread is native thread

siginfo: si_signo: 11 (SIGSEGV), si_code: 1 (SEGV_MAPERR), si_addr: 0x00000001222bd0e0

Registers:
RAX=0x0000600003088110, RBX=0x0000600003088110, RCX=0x0000000000000110, RDX=0x0000600003088000
RSP=0x0000000307672ff8, RBP=0x0000000307673050, RSI=0x0000000000000010, RDI=0x0000600003088110
R8 =0x0000000000000002, R9 =0x0000000000000010, R10=0x0000600003088110, R11=0x00000000975f681f
R12=0x00006000030aa2c0, R13=0x00000000001ff800, R14=0x00000001091ac000, R15=0x0000000000000010
RIP=0x00007ff80ad68086, EFLAGS=0x0000000000000202, ERR=0x0000000000000004
  TRAPNO=0x000000000000000e

Top of Stack: (sp=0x0000000307672ff8)
0x0000000307672ff8:   00007ff80ab8d060 0000000000000002
0x0000000307673008:   0000000000000000 0000000000000000
0x0000000307673018:   0000000000000000 0000000000000000
0x0000000307673028:   00006000011acd20 00007ff84c7ed298
0x0000000307673038:   0000000000000134 0000000000000001
0x0000000307673048:   0000000000000000 0000000307673080
0x0000000307673058:   00007ff80a9cd050 0000000000000000
0x0000000307673068:   00007ff84e3a06a0 00007ff84e3a1680
0x0000000307673078:   00007ffffffffff8 00000003076730b0
0x0000000307673088:   00007ff80a9ccf19 0000000000000000
0x0000000307673098:   0000000000000000 00007ff84e3a1680
0x00000003076730a8:   00007ff84e3a06a0 0000000307673100
0x00000003076730b8:   00007ff80a9ccd7c 0000000000000000
0x00000003076730c8:   0000000000000000 0000000307673100
0x00000003076730d8:   00007ff84e3a06c8 00007ff84e3a06a0
0x00000003076730e8:   0000000000000134 0000000000000001
0x00000003076730f8:   00007ff84e3a06c8 0000000307673130
0x0000000307673108:   00007ff80a9e255e 00007ffffffffff8
0x0000000307673118:   00007ff84e3a06a0 000000000000000b
0x0000000307673128:   00007ff84e3a06c8 00000003076736d0
0x0000000307673138:   00007ff80a9cc751 0000000000000000
0x0000000307673148:   0000000000000000 0000000000000000
0x0000000307673158:   0000000000000000 0000000000000000
0x0000000307673168:   0000000000000000 0000000000000000
0x0000000307673178:   0000000000000000 0000000000000000
0x0000000307673188:   0000000000000000 0000000000000000
0x0000000307673198:   0000000000000000 0000000000000000
0x00000003076731a8:   0000000000000000 0000000000000000
0x00000003076731b8:   0000000000000000 0000000000000000
0x00000003076731c8:   0000000000000000 0000000000000000
0x00000003076731d8:   0000000000000000 0000000000000000
0x00000003076731e8:   0000000000000000 0000000000000000 

Instructions: (pc=0x00007ff80ad68086)
0x00007ff80ad68066:   d8 42 ff 25 2a 93 d8 42 ff 25 2c 93 d8 42 ff 25
0x00007ff80ad68076:   2e 93 d8 42 ff 25 30 93 d8 42 ff 25 32 93 d8 42
0x00007ff80ad68086:   ff 25 1c 27 64 43 ff 25 1e 27 64 43 ff 25 20 27
0x00007ff80ad68096:   64 43 ff 25 22 27 64 43 ff 25 24 27 64 43 ff 25 

Register to memory mapping:

RAX=0x0000600003088110 is an unknown value
RBX=0x0000600003088110 is an unknown value
RCX=0x0000000000000110 is an unknown value
RDX=0x0000600003088000 is an unknown value
RSP=0x0000000307672ff8 is an unknown value
RBP=0x0000000307673050 is an unknown value
RSI=0x0000000000000010 is an unknown value
RDI=0x0000600003088110 is an unknown value
R8 =0x0000000000000002 is an unknown value
R9 =0x0000000000000010 is an unknown value
R10=0x0000600003088110 is an unknown value
R11=0x00000000975f681f is an unknown value
R12=0x00006000030aa2c0 is an unknown value
R13=0x00000000001ff800 is an unknown value
R14=0x00000001091ac000 is an unknown value
R15=0x0000000000000010 is an unknown value


Stack: [0x00000003075f1000,0x0000000307674000],  sp=0x0000000307672ff8,  free space=519k
Native frames: (J=compiled Java code, j=interpreted, Vv=VM code, C=native code)
C  [libsystem_platform.dylib+0x8086]
[error occurred during error reporting (printing native stack), id 0xe0000000]


---------------  P R O C E S S  ---------------

VM state:not at safepoint (normal execution)

VM Mutex/Monitor currently owned by a thread: None

heap address: 0x0000000740000000, size: 2048 MB, Compressed Oops mode: Zero based, Oop shift amount: 3
Narrow klass base: 0x0000000000000000, Narrow klass shift: 3
Compressed class space size: 1073741824 Address: 0x00000007c0000000

Heap:
 PSYoungGen      total 138240K, used 46163K [0x0000000795580000, 0x00000007a7780000, 0x00000007c0000000)
  eden space 133120K, 34% used [0x0000000795580000,0x0000000798294ee0,0x000000079d780000)
  from space 5120K, 0% used [0x000000079d780000,0x000000079d780000,0x000000079dc80000)
  to   space 15360K, 0% used [0x00000007a6880000,0x00000007a6880000,0x00000007a7780000)
 ParOldGen       total 75776K, used 23496K [0x0000000740000000, 0x0000000744a00000, 0x0000000795580000)
  object space 75776K, 31% used [0x0000000740000000,0x00000007416f22d0,0x0000000744a00000)
 Metaspace       used 33497K, capacity 34526K, committed 34560K, reserved 1079296K
  class space    used 4062K, capacity 4345K, committed 4352K, reserved 1048576K

Card table byte_map: [0x0000000109684000,0x0000000109a85000] byte_map_base: 0x0000000105c84000

Marking Bits: (ParMarkBitMap*) 0x000000010a6a72e8
 Begin Bits: [0x000000011ad67000, 0x000000011cd67000)
 End Bits:   [0x000000011cd67000, 0x000000011ed67000)

Polling page: 0x0000000109149000

CodeCache: size=245760Kb used=12112Kb max_used=13300Kb free=233647Kb
 bounds [0x000000010bd67000, 0x000000010ca77000, 0x000000011ad67000]
 total_blobs=4134 nmethods=3687 adapters=361
 compilation: enabled

Compilation events (10 events):
Event: 24.009 Thread 0x00007fe07003e000 4099       3       com.google.common.collect.ImmutableMap::entrySet (5 bytes)
Event: 24.009 Thread 0x00007fe07003e000 nmethod 4099 0x000000010c44a650 code [0x000000010c44a7c0, 0x000000010c44ab28]
Event: 24.038 Thread 0x00007fe07003e000 4100       3       com.google.common.collect.Hashing::closedTableSize (37 bytes)
Event: 24.039 Thread 0x00007fe07003e000 nmethod 4100 0x000000010c44a0d0 code [0x000000010c44a260, 0x000000010c44a568]
Event: 24.039 Thread 0x00007fe07003e000 4102       3       java.lang.String::format (16 bytes)
Event: 24.040 Thread 0x00007fe07003e000 nmethod 4102 0x000000010c253450 code [0x000000010c253680, 0x000000010c254238]
Event: 24.040 Thread 0x00007fe07003e000 4101       1       org.openqa.selenium.remote.Response::getValue (5 bytes)
Event: 24.040 Thread 0x00007fe07003e000 nmethod 4101 0x000000010c449e10 code [0x000000010c449f60, 0x000000010c44a070]
Event: 24.126 Thread 0x00007fe07003e000 4103       3       com.google.common.collect.SingletonImmutableList::iterator (8 bytes)
Event: 24.127 Thread 0x00007fe07003e000 nmethod 4103 0x000000010c02dd90 code [0x000000010c02df20, 0x000000010c02e250]

GC Heap History (10 events):
Event: 3.018 GC heap before
{Heap before GC invocations=6 (full 1):
 PSYoungGen      total 138240K, used 5097K [0x0000000795580000, 0x000000079e180000, 0x00000007c0000000)
  eden space 133120K, 0% used [0x0000000795580000,0x0000000795580000,0x000000079d780000)
  from space 5120K, 99% used [0x000000079d780000,0x000000079dc7a450,0x000000079dc80000)
  to   space 5120K, 0% used [0x000000079dc80000,0x000000079dc80000,0x000000079e180000)
 ParOldGen       total 87552K, used 11056K [0x0000000740000000, 0x0000000745580000, 0x0000000795580000)
  object space 87552K, 12% used [0x0000000740000000,0x0000000740acc248,0x0000000745580000)
 Metaspace       used 19582K, capacity 20026K, committed 20224K, reserved 1067008K
  class space    used 2375K, capacity 2465K, committed 2560K, reserved 1048576K
Event: 3.056 GC heap after
Heap after GC invocations=6 (full 1):
 PSYoungGen      total 138240K, used 0K [0x0000000795580000, 0x000000079e180000, 0x00000007c0000000)
  eden space 133120K, 0% used [0x0000000795580000,0x0000000795580000,0x000000079d780000)
  from space 5120K, 0% used [0x000000079d780000,0x000000079d780000,0x000000079dc80000)
  to   space 5120K, 0% used [0x000000079dc80000,0x000000079dc80000,0x000000079e180000)
 ParOldGen       total 87552K, used 11038K [0x0000000740000000, 0x0000000745580000, 0x0000000795580000)
  object space 87552K, 12% used [0x0000000740000000,0x0000000740ac79c8,0x0000000745580000)
 Metaspace       used 19582K, capacity 20026K, committed 20224K, reserved 1067008K
  class space    used 2375K, capacity 2465K, committed 2560K, reserved 1048576K
}
Event: 3.058 GC heap before
{Heap before GC invocations=7 (full 1):
 PSYoungGen      total 138240K, used 0K [0x0000000795580000, 0x000000079e180000, 0x00000007c0000000)
  eden space 133120K, 0% used [0x0000000795580000,0x0000000795580000,0x000000079d780000)
  from space 5120K, 0% used [0x000000079d780000,0x000000079d780000,0x000000079dc80000)
  to   space 5120K, 0% used [0x000000079dc80000,0x000000079dc80000,0x000000079e180000)
 ParOldGen       total 87552K, used 11038K [0x0000000740000000, 0x0000000745580000, 0x0000000795580000)
  object space 87552K, 12% used [0x0000000740000000,0x0000000740ac79c8,0x0000000745580000)
 Metaspace       used 19582K, capacity 20026K, committed 20224K, reserved 1067008K
  class space    used 2375K, capacity 2465K, committed 2560K, reserved 1048576K
Event: 3.059 GC heap after
Heap after GC invocations=7 (full 1):
 PSYoungGen      total 138240K, used 0K [0x0000000795580000, 0x000000079e180000, 0x00000007c0000000)
  eden space 133120K, 0% used [0x0000000795580000,0x0000000795580000,0x000000079d780000)
  from space 5120K, 0% used [0x000000079dc80000,0x000000079dc80000,0x000000079e180000)
  to   space 5120K, 0% used [0x000000079d780000,0x000000079d780000,0x000000079dc80000)
 ParOldGen       total 87552K, used 11038K [0x0000000740000000, 0x0000000745580000, 0x0000000795580000)
  object space 87552K, 12% used [0x0000000740000000,0x0000000740ac79c8,0x0000000745580000)
 Metaspace       used 19582K, capacity 20026K, committed 20224K, reserved 1067008K
  class space    used 2375K, capacity 2465K, committed 2560K, reserved 1048576K
}
Event: 3.059 GC heap before
{Heap before GC invocations=8 (full 2):
 PSYoungGen      total 138240K, used 0K [0x0000000795580000, 0x000000079e180000, 0x00000007c0000000)
  eden space 133120K, 0% used [0x0000000795580000,0x0000000795580000,0x000000079d780000)
  from space 5120K, 0% used [0x000000079dc80000,0x000000079dc80000,0x000000079e180000)
  to   space 5120K, 0% used [0x000000079d780000,0x000000079d780000,0x000000079dc80000)
 ParOldGen       total 87552K, used 11038K [0x0000000740000000, 0x0000000745580000, 0x0000000795580000)
  object space 87552K, 12% used [0x0000000740000000,0x0000000740ac79c8,0x0000000745580000)
 Metaspace       used 19582K, capacity 20026K, committed 20224K, reserved 1067008K
  class space    used 2375K, capacity 2465K, committed 2560K, reserved 1048576K
Event: 3.076 GC heap after
Heap after GC invocations=8 (full 2):
 PSYoungGen      total 138240K, used 0K [0x0000000795580000, 0x000000079e180000, 0x00000007c0000000)
  eden space 133120K, 0% used [0x0000000795580000,0x0000000795580000,0x000000079d780000)
  from space 5120K, 0% used [0x000000079dc80000,0x000000079dc80000,0x000000079e180000)
  to   space 5120K, 0% used [0x000000079d780000,0x000000079d780000,0x000000079dc80000)
 ParOldGen       total 87552K, used 11038K [0x0000000740000000, 0x0000000745580000, 0x0000000795580000)
  object space 87552K, 12% used [0x0000000740000000,0x0000000740ac79c8,0x0000000745580000)
 Metaspace       used 19582K, capacity 20026K, committed 20224K, reserved 1067008K
  class space    used 2375K, capacity 2465K, committed 2560K, reserved 1048576K
}
Event: 8.569 GC heap before
{Heap before GC invocations=9 (full 2):
 PSYoungGen      total 138240K, used 123901K [0x0000000795580000, 0x000000079e180000, 0x00000007c0000000)
  eden space 133120K, 93% used [0x0000000795580000,0x000000079ce7f588,0x000000079d780000)
  from space 5120K, 0% used [0x000000079dc80000,0x000000079dc80000,0x000000079e180000)
  to   space 5120K, 0% used [0x000000079d780000,0x000000079d780000,0x000000079dc80000)
 ParOldGen       total 87552K, used 11038K [0x0000000740000000, 0x0000000745580000, 0x0000000795580000)
  object space 87552K, 12% used [0x0000000740000000,0x0000000740ac79c8,0x0000000745580000)
 Metaspace       used 32638K, capacity 33566K, committed 33664K, reserved 1079296K
  class space    used 3948K, capacity 4187K, committed 4224K, reserved 1048576K
Event: 8.588 GC heap after
Heap after GC invocations=9 (full 2):
 PSYoungGen      total 138240K, used 5092K [0x0000000795580000, 0x00000007a7780000, 0x00000007c0000000)
  eden space 133120K, 0% used [0x0000000795580000,0x0000000795580000,0x000000079d780000)
  from space 5120K, 99% used [0x000000079d780000,0x000000079dc79050,0x000000079dc80000)
  to   space 15360K, 0% used [0x00000007a6880000,0x00000007a6880000,0x00000007a7780000)
 ParOldGen       total 87552K, used 20165K [0x0000000740000000, 0x0000000745580000, 0x0000000795580000)
  object space 87552K, 23% used [0x0000000740000000,0x00000007413b1568,0x0000000745580000)
 Metaspace       used 32638K, capacity 33566K, committed 33664K, reserved 1079296K
  class space    used 3948K, capacity 4187K, committed 4224K, reserved 1048576K
}
Event: 8.589 GC heap before
{Heap before GC invocations=10 (full 3):
 PSYoungGen      total 138240K, used 5092K [0x0000000795580000, 0x00000007a7780000, 0x00000007c0000000)
  eden space 133120K, 0% used [0x0000000795580000,0x0000000795580000,0x000000079d780000)
  from space 5120K, 99% used [0x000000079d780000,0x000000079dc79050,0x000000079dc80000)
  to   space 15360K, 0% used [0x00000007a6880000,0x00000007a6880000,0x00000007a7780000)
 ParOldGen       total 87552K, used 20165K [0x0000000740000000, 0x0000000745580000, 0x0000000795580000)
  object space 87552K, 23% used [0x0000000740000000,0x00000007413b1568,0x0000000745580000)
 Metaspace       used 32638K, capacity 33566K, committed 33664K, reserved 1079296K
  class space    used 3948K, capacity 4187K, committed 4224K, reserved 1048576K
Event: 8.668 GC heap after
Heap after GC invocations=10 (full 3):
 PSYoungGen      total 138240K, used 0K [0x0000000795580000, 0x00000007a7780000, 0x00000007c0000000)
  eden space 133120K, 0% used [0x0000000795580000,0x0000000795580000,0x000000079d780000)
  from space 5120K, 0% used [0x000000079d780000,0x000000079d780000,0x000000079dc80000)
  to   space 15360K, 0% used [0x00000007a6880000,0x00000007a6880000,0x00000007a7780000)
 ParOldGen       total 75776K, used 23496K [0x0000000740000000, 0x0000000744a00000, 0x0000000795580000)
  object space 75776K, 31% used [0x0000000740000000,0x00000007416f22d0,0x0000000744a00000)
 Metaspace       used 32627K, capacity 33546K, committed 33664K, reserved 1079296K
  class space    used 3943K, capacity 4179K, committed 4224K, reserved 1048576K
}

Deoptimization events (10 events):
Event: 7.900 Thread 0x00007fe072008800 Uncommon trap: reason=null_check action=make_not_entrant pc=0x000000010c6158b8 method=sun.util.locale.provider.JRELocaleProviderAdapter.getLocaleResources(Ljava/util/Locale;)Lsun/util/locale/provider/LocaleResources; @ 10
Event: 8.430 Thread 0x00007fe072008800 Uncommon trap: reason=unstable_if action=reinterpret pc=0x000000010ca21390 method=org.objectweb.asm.Type.a(Ljava/lang/StringBuffer;Ljava/lang/Class;)V @ 127
Event: 8.500 Thread 0x00007fe072008800 Uncommon trap: reason=predicate action=maybe_recompile pc=0x000000010ca2ebf0 method=java.util.AbstractCollection.addAll(Ljava/util/Collection;)Z @ 18
Event: 8.540 Thread 0x00007fe072008800 Uncommon trap: reason=unstable_if action=reinterpret pc=0x000000010c6f5828 method=java.lang.CharacterDataLatin1.digit(II)I @ 82
Event: 8.557 Thread 0x00007fe072008800 Uncommon trap: reason=bimorphic action=maybe_recompile pc=0x000000010c130be4 method=java.net.URL.<init>(Ljava/net/URL;Ljava/lang/String;Ljava/net/URLStreamHandler;)V @ 504
Event: 8.558 Thread 0x00007fe072008800 Uncommon trap: reason=unstable_if action=reinterpret pc=0x000000010c1123d8 method=sun.net.util.IPAddressUtil.scan(Ljava/lang/String;JJ[C)I @ 14
Event: 8.705 Thread 0x00007fe072008800 Uncommon trap: reason=unstable_if action=reinterpret pc=0x000000010c663ad4 method=java.io.UnixFileSystem.getBooleanAttributes(Ljava/io/File;)I @ 25
Event: 8.706 Thread 0x00007fe072008800 Uncommon trap: reason=bimorphic action=maybe_recompile pc=0x000000010c130be4 method=java.net.URL.<init>(Ljava/net/URL;Ljava/lang/String;Ljava/net/URLStreamHandler;)V @ 504
Event: 8.747 Thread 0x00007fe039d8d800 Uncommon trap: reason=unstable_if action=reinterpret pc=0x000000010c6f131c method=java.lang.CharacterDataLatin1.digit(II)I @ 82
Event: 18.128 Thread 0x00007fe072008800 Uncommon trap: reason=unstable_if action=reinterpret pc=0x000000010bf3fb94 method=java.lang.CharSequence$1CharIterator.forEachRemaining(Ljava/util/function/IntConsumer;)V @ 13

Classes redefined (0 events):
No events

Internal exceptions (10 events):
Event: 20.150 Thread 0x00007fe072008800 Exception <a 'java/net/SocketTimeoutException': Read timed out> (0x000000079735b7b8) thrown at [/System/Volumes/Data/jenkins/workspace/8-2-build-macosx-x86_64/jdk8u331/2416/hotspot/src/share/vm/prims/jni.cpp, line 737]
Event: 23.239 Thread 0x00007fe072008800 Exception <a 'java/net/SocketTimeoutException': Read timed out> (0x000000079736cdf0) thrown at [/System/Volumes/Data/jenkins/workspace/8-2-build-macosx-x86_64/jdk8u331/2416/hotspot/src/share/vm/prims/jni.cpp, line 737]
Event: 23.305 Thread 0x00007fe072008800 Exception <a 'java/net/SocketTimeoutException': Read timed out> (0x00000007977e0bf8) thrown at [/System/Volumes/Data/jenkins/workspace/8-2-build-macosx-x86_64/jdk8u331/2416/hotspot/src/share/vm/prims/jni.cpp, line 737]
Event: 23.346 Thread 0x00007fe072008800 Exception <a 'java/net/SocketTimeoutException': Read timed out> (0x0000000797808240) thrown at [/System/Volumes/Data/jenkins/workspace/8-2-build-macosx-x86_64/jdk8u331/2416/hotspot/src/share/vm/prims/jni.cpp, line 737]
Event: 23.430 Thread 0x00007fe072008800 Exception <a 'java/net/SocketTimeoutException': Read timed out> (0x00000007978197c0) thrown at [/System/Volumes/Data/jenkins/workspace/8-2-build-macosx-x86_64/jdk8u331/2416/hotspot/src/share/vm/prims/jni.cpp, line 737]
Event: 23.444 Thread 0x00007fe072008800 Exception <a 'java/net/SocketTimeoutException': Read timed out> (0x0000000797c4dca8) thrown at [/System/Volumes/Data/jenkins/workspace/8-2-build-macosx-x86_64/jdk8u331/2416/hotspot/src/share/vm/prims/jni.cpp, line 737]
Event: 23.462 Thread 0x00007fe072008800 Exception <a 'java/net/SocketTimeoutException': Read timed out> (0x0000000797c6fae8) thrown at [/System/Volumes/Data/jenkins/workspace/8-2-build-macosx-x86_64/jdk8u331/2416/hotspot/src/share/vm/prims/jni.cpp, line 737]
Event: 23.997 Thread 0x00007fe072008800 Exception <a 'java/net/SocketTimeoutException': Read timed out> (0x0000000797c810a8) thrown at [/System/Volumes/Data/jenkins/workspace/8-2-build-macosx-x86_64/jdk8u331/2416/hotspot/src/share/vm/prims/jni.cpp, line 737]
Event: 24.012 Thread 0x00007fe072008800 Exception <a 'java/net/SocketTimeoutException': Read timed out> (0x00000007980b8dd0) thrown at [/System/Volumes/Data/jenkins/workspace/8-2-build-macosx-x86_64/jdk8u331/2416/hotspot/src/share/vm/prims/jni.cpp, line 737]
Event: 24.046 Thread 0x00007fe072008800 Exception <a 'java/net/SocketTimeoutException': Read timed out> (0x00000007980d5610) thrown at [/System/Volumes/Data/jenkins/workspace/8-2-build-macosx-x86_64/jdk8u331/2416/hotspot/src/share/vm/prims/jni.cpp, line 737]

Events (10 events):
Event: 24.638 loading class sun/java2d/SunGraphicsEnvironment done
Event: 24.638 loading class sun/awt/CGraphicsEnvironment done
Event: 24.639 loading class sun/awt/CGraphicsEnvironment$1
Event: 24.639 loading class sun/awt/CGraphicsEnvironment$1 done
Event: 24.661 loading class sun/misc/ThreadGroupUtils
Event: 24.661 loading class sun/misc/ThreadGroupUtils done
Event: 24.664 Thread 0x00007fe0707bc000 Thread added: 0x00007fe0707bc000
Event: 24.724 loading class sun/awt/AWTAutoShutdown
Event: 24.724 loading class sun/awt/AWTAutoShutdown done
Event: 24.725 Thread 0x00007fe071de9800 Thread added: 0x00007fe071de9800


Dynamic libraries:
0x00007ff823300000 	/System/Library/Frameworks/Cocoa.framework/Versions/A/Cocoa
0x00007ff80de5b000 	/System/Library/Frameworks/AppKit.framework/Versions/C/AppKit
0x00007ff810b12000 	/System/Library/Frameworks/CoreData.framework/Versions/A/CoreData
0x00007ff80bb48000 	/System/Library/Frameworks/Foundation.framework/Versions/C/Foundation
0x00007ff816ebe000 	/usr/lib/libSystem.B.dylib
0x00007ff80ee63000 	/System/Library/PrivateFrameworks/UIFoundation.framework/Versions/A/UIFoundation
0x00007ffb0ae66000 	/System/Library/PrivateFrameworks/CollectionViewCore.framework/Versions/A/CollectionViewCore
0x00007ff81d2ff000 	/System/Library/PrivateFrameworks/RemoteViewServices.framework/Versions/A/RemoteViewServices
0x00007ff814f78000 	/System/Library/PrivateFrameworks/XCTTargetBootstrap.framework/Versions/A/XCTTargetBootstrap
0x00007ff818deb000 	/System/Library/PrivateFrameworks/InternationalSupport.framework/Versions/A/InternationalSupport
0x00007ff818e74000 	/System/Library/PrivateFrameworks/UserActivity.framework/Versions/A/UserActivity
0x00007ffb210cc000 	/System/Library/PrivateFrameworks/WindowManagement.framework/Versions/A/WindowManagement
0x00007ff80b834000 	/System/Library/Frameworks/SystemConfiguration.framework/Versions/A/SystemConfiguration
0x00007ff8181e9000 	/usr/lib/libspindump.dylib
0x00007ff80f031000 	/System/Library/Frameworks/UniformTypeIdentifiers.framework/Versions/A/UniformTypeIdentifiers
0x00007ff813458000 	/usr/lib/libapp_launch_measurement.dylib
0x00007ff8120cd000 	/System/Library/PrivateFrameworks/CoreAnalytics.framework/Versions/A/CoreAnalytics
0x00007ff81345b000 	/System/Library/PrivateFrameworks/CoreAutoLayout.framework/Versions/A/CoreAutoLayout
0x00007ff8147ec000 	/System/Library/Frameworks/Metal.framework/Versions/A/Metal
0x00007ff81573e000 	/usr/lib/liblangid.dylib
0x00007ff814f7d000 	/System/Library/PrivateFrameworks/CoreSVG.framework/Versions/A/CoreSVG
0x00007ff80f968000 	/System/Library/PrivateFrameworks/SkyLight.framework/Versions/A/SkyLight
0x00007ff80fd52000 	/System/Library/Frameworks/CoreGraphics.framework/Versions/A/CoreGraphics
0x00007ff81d9d1000 	/System/Library/Frameworks/Accelerate.framework/Versions/A/Accelerate
0x00007ff817c5e000 	/System/Library/PrivateFrameworks/IconServices.framework/Versions/A/IconServices
0x00007ff8147cf000 	/System/Library/Frameworks/IOSurface.framework/Versions/A/IOSurface
0x00007ff8120f7000 	/usr/lib/libDiagnosticMessagesClient.dylib
0x00007ff816dd4000 	/usr/lib/libz.1.dylib
0x00007ff820f19000 	/System/Library/Frameworks/ApplicationServices.framework/Versions/A/ApplicationServices
0x00007ff814f64000 	/System/Library/PrivateFrameworks/DFRFoundation.framework/Versions/A/DFRFoundation
0x00007ff80d723000 	/usr/lib/libicucore.A.dylib
0x00007ff819c8d000 	/System/Library/Frameworks/AudioToolbox.framework/Versions/A/AudioToolbox
0x00007ff818df6000 	/System/Library/PrivateFrameworks/DataDetectorsCore.framework/Versions/A/DataDetectorsCore
0x00007ff9125d2000 	/System/Library/PrivateFrameworks/TextInput.framework/Versions/A/TextInput
0x00007ff80f8dd000 	/usr/lib/libMobileGestalt.dylib
0x00007ff814c6c000 	/System/Library/Frameworks/Carbon.framework/Versions/A/Frameworks/HIToolbox.framework/Versions/A/HIToolbox
0x00007ff812dfa000 	/System/Library/Frameworks/QuartzCore.framework/Versions/A/QuartzCore
0x00007ff80d3a2000 	/System/Library/Frameworks/Security.framework/Versions/A/Security
0x00007ff81d337000 	/System/Library/Frameworks/Carbon.framework/Versions/A/Frameworks/SpeechRecognition.framework/Versions/A/SpeechRecognition
0x00007ff813198000 	/System/Library/PrivateFrameworks/CoreUI.framework/Versions/A/CoreUI
0x00007ff80cc84000 	/System/Library/Frameworks/CoreAudio.framework/Versions/A/CoreAudio
0x00007ff8121d1000 	/System/Library/Frameworks/DiskArbitration.framework/Versions/A/DiskArbitration
0x00007ff818606000 	/System/Library/PrivateFrameworks/MultitouchSupport.framework/Versions/A/MultitouchSupport
0x00007ff80f8dc000 	/usr/lib/libenergytrace.dylib
0x00007ff80dd3d000 	/System/Library/Frameworks/IOKit.framework/Versions/A/IOKit
0x00007ff81d730000 	/System/Library/Frameworks/CoreServices.framework/Versions/A/CoreServices
0x00007ff8133f0000 	/System/Library/PrivateFrameworks/PerformanceAnalysis.framework/Versions/A/PerformanceAnalysis
0x00007ffa20e18000 	/System/Library/Frameworks/OpenGL.framework/Versions/A/OpenGL
0x00007ff8134a3000 	/usr/lib/libxml2.2.dylib
0x00007ff81634a000 	/System/Library/PrivateFrameworks/MobileKeyBag.framework/Versions/A/MobileKeyBag
0x00007ff80a9c4000 	/usr/lib/libobjc.A.dylib
0x00007ff80ac8a000 	/usr/lib/libc++.1.dylib
0x00007ff810574000 	/System/Library/Frameworks/ColorSync.framework/Versions/A/ColorSync
0x00007ff80ad95000 	/System/Library/Frameworks/CoreFoundation.framework/Versions/A/CoreFoundation
0x00007ff81531b000 	/System/Library/Frameworks/CoreImage.framework/Versions/A/CoreImage
0x00007ff80ca95000 	/System/Library/Frameworks/CoreText.framework/Versions/A/CoreText
0x00007ff814fb8000 	/System/Library/Frameworks/ImageIO.framework/Versions/A/ImageIO
0x00007ff816ec4000 	/System/Library/PrivateFrameworks/SoftLinking.framework/Versions/A/SoftLinking
0x00007ff817144000 	/usr/lib/libcompression.dylib
0x00007ff818d1d000 	/System/Library/PrivateFrameworks/TextureIO.framework/Versions/A/TextureIO
0x00007ff81788e000 	/usr/lib/libate.dylib
0x00007ff816eb9000 	/usr/lib/system/libcache.dylib
0x00007ff816e74000 	/usr/lib/system/libcommonCrypto.dylib
0x00007ff816e9d000 	/usr/lib/system/libcompiler_rt.dylib
0x00007ff816e93000 	/usr/lib/system/libcopyfile.dylib
0x00007ff80aaf3000 	/usr/lib/system/libcorecrypto.dylib
0x00007ff80abb7000 	/usr/lib/system/libdispatch.dylib
0x00007ff80ad3f000 	/usr/lib/system/libdyld.dylib
0x00007ff816eaf000 	/usr/lib/system/libkeymgr.dylib
0x00007ff816e53000 	/usr/lib/system/libmacho.dylib
0x00007ff816437000 	/usr/lib/system/libquarantine.dylib
0x00007ff816ead000 	/usr/lib/system/libremovefile.dylib
0x00007ff80f936000 	/usr/lib/system/libsystem_asl.dylib
0x00007ff80aa95000 	/usr/lib/system/libsystem_blocks.dylib
0x00007ff80ac01000 	/usr/lib/system/libsystem_c.dylib
0x00007ff816ea5000 	/usr/lib/system/libsystem_collections.dylib
0x00007ff81572f000 	/usr/lib/system/libsystem_configuration.dylib
0x00007ff8147a0000 	/usr/lib/system/libsystem_containermanager.dylib
0x00007ff816b15000 	/usr/lib/system/libsystem_coreservices.dylib
0x00007ff80d9b7000 	/usr/lib/system/libsystem_darwin.dylib
0x00007ff816eb0000 	/usr/lib/system/libsystem_dnssd.dylib
0x00007ff80abfe000 	/usr/lib/system/libsystem_featureflags.dylib
0x00007ff80ad6a000 	/usr/lib/system/libsystem_info.dylib
0x00007ff816de7000 	/usr/lib/system/libsystem_m.dylib
0x00007ff80ab8a000 	/usr/lib/system/libsystem_malloc.dylib
0x00007ff80f8c5000 	/usr/lib/system/libsystem_networkextension.dylib
0x00007ff80ddfc000 	/usr/lib/system/libsystem_notify.dylib
0x00007ff815733000 	/usr/lib/system/libsystem_sandbox.dylib
0x00007ff816eaa000 	/usr/lib/system/libsystem_secinit.dylib
0x00007ff80acf9000 	/usr/lib/system/libsystem_kernel.dylib
0x00007ff80ad60000 	/usr/lib/system/libsystem_platform.dylib
0x00007ff80ad33000 	/usr/lib/system/libsystem_pthread.dylib
0x00007ff811386000 	/usr/lib/system/libsystem_symptoms.dylib
0x00007ff80aad9000 	/usr/lib/system/libsystem_trace.dylib
0x00007ff816e80000 	/usr/lib/system/libunwind.dylib
0x00007ff80aa99000 	/usr/lib/system/libxpc.dylib
0x00007ff80ace3000 	/usr/lib/libc++abi.dylib
0x00007ff816e8b000 	/usr/lib/liboah.dylib
0x00007ff81761f000 	/usr/lib/liblzma.5.dylib
0x00007ff816ec0000 	/usr/lib/libfakelink.dylib
0x00007ff80f51f000 	/System/Library/Frameworks/CFNetwork.framework/Versions/A/CFNetwork
0x00007ff816ffd000 	/usr/lib/libarchive.2.dylib
0x00007ff81b5d8000 	/System/Library/Frameworks/Combine.framework/Versions/A/Combine
0x00007ff819705000 	/usr/lib/swift/libswiftCore.dylib
0x00007ff90f61e000 	/usr/lib/swift/libswiftCoreFoundation.dylib
0x00007ff90d5f7000 	/usr/lib/swift/libswiftDarwin.dylib
0x00007ff81ef4d000 	/usr/lib/swift/libswiftDispatch.dylib
0x00007ff90f63a000 	/usr/lib/swift/libswiftIOKit.dylib
0x00007ff82134e000 	/usr/lib/swift/libswiftObjectiveC.dylib
0x00007ff90f62f000 	/usr/lib/swift/libswiftXPC.dylib
0x00007ffb279a1000 	/usr/lib/swift/libswift_Concurrency.dylib
0x00007ffb27ae0000 	/usr/lib/swift/libswift_StringProcessing.dylib
0x00007ff821352000 	/usr/lib/swift/libswiftos.dylib
0x00007ff80dcbe000 	/System/Library/PrivateFrameworks/CoreServicesInternal.framework/Versions/A/CoreServicesInternal
0x00007ff81645e000 	/usr/lib/libbsm.0.dylib
0x00007ff816e58000 	/usr/lib/system/libkxld.dylib
0x00007ff813424000 	/System/Library/Frameworks/CoreServices.framework/Versions/A/Frameworks/FSEvents.framework/Versions/A/FSEvents
0x00007ff80d9c2000 	/System/Library/Frameworks/CoreServices.framework/Versions/A/Frameworks/CarbonCore.framework/Versions/A/CarbonCore
0x00007ff81213a000 	/System/Library/Frameworks/CoreServices.framework/Versions/A/Frameworks/Metadata.framework/Versions/A/Metadata
0x00007ff816b1b000 	/System/Library/Frameworks/CoreServices.framework/Versions/A/Frameworks/OSServices.framework/Versions/A/OSServices
0x00007ff817085000 	/System/Library/Frameworks/CoreServices.framework/Versions/A/Frameworks/SearchKit.framework/Versions/A/SearchKit
0x00007ff81130d000 	/System/Library/Frameworks/CoreServices.framework/Versions/A/Frameworks/AE.framework/Versions/A/AE
0x00007ff80b22d000 	/System/Library/Frameworks/CoreServices.framework/Versions/A/Frameworks/LaunchServices.framework/Versions/A/LaunchServices
0x00007ff8175d0000 	/System/Library/Frameworks/CoreServices.framework/Versions/A/Frameworks/DictionaryServices.framework/Versions/A/DictionaryServices
0x00007ff813431000 	/System/Library/Frameworks/CoreServices.framework/Versions/A/Frameworks/SharedFileList.framework/Versions/A/SharedFileList
0x00007ff817111000 	/usr/lib/libapple_nghttp2.dylib
0x00007ff80f51b000 	/usr/lib/libnetwork.dylib
0x00007ff810f8b000 	/usr/lib/libsqlite3.dylib
0x00007ff81138e000 	/System/Library/Frameworks/Network.framework/Versions/A/Network
0x00007ffb26990000 	/usr/lib/libCoreEntitlements.dylib
0x00007ffb14321000 	/System/Library/PrivateFrameworks/MessageSecurity.framework/Versions/A/MessageSecurity
0x00007ff810f72000 	/System/Library/PrivateFrameworks/ProtocolBuffer.framework/Versions/A/ProtocolBuffer
0x00007ff816af5000 	/System/Library/PrivateFrameworks/AppleFSCompression.framework/Versions/A/AppleFSCompression
0x00007ff816446000 	/usr/lib/libcoretls.dylib
0x00007ff817639000 	/usr/lib/libcoretls_cfhelpers.dylib
0x00007ff81713e000 	/usr/lib/libpam.2.dylib
0x00007ff8176a6000 	/usr/lib/libxar.1.dylib
0x00007ff817c3a000 	/usr/lib/libheimdal-asn1.dylib
0x00007ff816ec5000 	/usr/lib/libpcap.A.dylib
0x00007ff81137d000 	/usr/lib/libdns_services.dylib
0x00007ff81573a000 	/System/Library/PrivateFrameworks/AppleSystemInfo.framework/Versions/A/AppleSystemInfo
0x00007ff816153000 	/System/Library/PrivateFrameworks/IOMobileFramebuffer.framework/Versions/A/IOMobileFramebuffer
0x00007ff816b05000 	/usr/lib/libbz2.1.0.dylib
0x00007ff81643a000 	/usr/lib/libCheckFix.dylib
0x00007ff80f94d000 	/System/Library/PrivateFrameworks/TCC.framework/Versions/A/TCC
0x00007ff815740000 	/System/Library/PrivateFrameworks/CoreNLP.framework/Versions/A/CoreNLP
0x00007ff8120f9000 	/System/Library/PrivateFrameworks/MetadataUtilities.framework/Versions/A/MetadataUtilities
0x00007ff81646e000 	/usr/lib/libmecab.dylib
0x00007ff80b8b3000 	/usr/lib/libCRFSuite.dylib
0x00007ff8164c8000 	/usr/lib/libgermantok.dylib
0x00007ff8170ec000 	/usr/lib/libThaiTokenizer.dylib
0x00007ff8121d9000 	/System/Library/Frameworks/Accelerate.framework/Versions/A/Frameworks/vImage.framework/Versions/A/vImage
0x00007ff81d703000 	/System/Library/Frameworks/Accelerate.framework/Versions/A/Frameworks/vecLib.framework/Versions/A/vecLib
0x00007ff8176e8000 	/System/Library/Frameworks/Accelerate.framework/Versions/A/Frameworks/vecLib.framework/Versions/A/libvMisc.dylib
0x00007ff815f4e000 	/System/Library/Frameworks/Accelerate.framework/Versions/A/Frameworks/vecLib.framework/Versions/A/libvDSP.dylib
0x00007ff80b5e9000 	/System/Library/Frameworks/Accelerate.framework/Versions/A/Frameworks/vecLib.framework/Versions/A/libBLAS.dylib
0x00007ff817223000 	/System/Library/Frameworks/Accelerate.framework/Versions/A/Frameworks/vecLib.framework/Versions/A/libLAPACK.dylib
0x00007ff8164cb000 	/System/Library/Frameworks/Accelerate.framework/Versions/A/Frameworks/vecLib.framework/Versions/A/libLinearAlgebra.dylib
0x00007ff817129000 	/System/Library/Frameworks/Accelerate.framework/Versions/A/Frameworks/vecLib.framework/Versions/A/libSparseBLAS.dylib
0x00007ff81721d000 	/System/Library/Frameworks/Accelerate.framework/Versions/A/Frameworks/vecLib.framework/Versions/A/libQuadrature.dylib
0x00007ff81582c000 	/System/Library/Frameworks/Accelerate.framework/Versions/A/Frameworks/vecLib.framework/Versions/A/libBNNS.dylib
0x00007ff80b7bd000 	/System/Library/Frameworks/Accelerate.framework/Versions/A/Frameworks/vecLib.framework/Versions/A/libSparse.dylib
0x00007ffb13620000 	/System/Library/PrivateFrameworks/MIL.framework/Versions/A/MIL
0x00007ff816efa000 	/usr/lib/libiconv.2.dylib
0x00007ff816e52000 	/usr/lib/libcharset.1.dylib
0x00007ff813408000 	/System/Library/Frameworks/OpenDirectory.framework/Versions/A/Frameworks/CFOpenDirectory.framework/Versions/A/CFOpenDirectory
0x00007ff8133fc000 	/System/Library/Frameworks/OpenDirectory.framework/Versions/A/OpenDirectory
0x00007ff81763b000 	/System/Library/PrivateFrameworks/APFS.framework/Versions/A/APFS
0x00007ff81637d000 	/System/Library/Frameworks/SecurityFoundation.framework/Versions/A/SecurityFoundation
0x00007ff8176b4000 	/usr/lib/libutil.dylib
0x00007ffb127be000 	/System/Library/PrivateFrameworks/InstalledContentLibrary.framework/Versions/A/InstalledContentLibrary
0x00007ff80dd01000 	/System/Library/PrivateFrameworks/CoreServicesStore.framework/Versions/A/CoreServicesStore
0x00007ffa29a03000 	/System/Library/PrivateFrameworks/AppleMobileFileIntegrity.framework/Versions/A/AppleMobileFileIntegrity
0x00007ff90f5fe000 	/usr/lib/libmis.dylib
0x00007ff91dbef000 	/System/Library/PrivateFrameworks/MobileSystemServices.framework/Versions/A/MobileSystemServices
0x00007ffa17d24000 	/System/Library/PrivateFrameworks/ConfigProfileHelper.framework/Versions/A/ConfigProfileHelper
0x00007ff8170ee000 	/System/Library/PrivateFrameworks/AppleSauce.framework/Versions/A/AppleSauce
0x00007ff80c55a000 	/System/Library/PrivateFrameworks/LanguageModeling.framework/Versions/A/LanguageModeling
0x00007ff8176b8000 	/usr/lib/libxslt.1.dylib
0x00007ff816fec000 	/usr/lib/libcmph.dylib
0x00007ff816141000 	/System/Library/PrivateFrameworks/CoreEmoji.framework/Versions/A/CoreEmoji
0x00007ff815826000 	/System/Library/PrivateFrameworks/LinguisticData.framework/Versions/A/LinguisticData
0x00007ff80b773000 	/System/Library/PrivateFrameworks/Lexicon.framework/Versions/A/Lexicon
0x00007ff81640b000 	/System/Library/PrivateFrameworks/BackgroundTaskManagement.framework/Versions/A/BackgroundTaskManagement
0x00007ffb26ac6000 	/usr/lib/libTLE.dylib
0x00007ffb27a25000 	/usr/lib/swift/libswift_RegexParser.dylib
0x00007ff8184d0000 	/System/Library/PrivateFrameworks/AppleJPEG.framework/Versions/A/AppleJPEG
0x00007ff817c1f000 	/usr/lib/libexpat.1.dylib
0x00007ff818b7a000 	/System/Library/Frameworks/ImageIO.framework/Versions/A/Resources/libPng.dylib
0x00007ff818ba7000 	/System/Library/Frameworks/ImageIO.framework/Versions/A/Resources/libTIFF.dylib
0x00007ff818c97000 	/System/Library/Frameworks/ImageIO.framework/Versions/A/Resources/libGIF.dylib
0x00007ff81851b000 	/System/Library/Frameworks/ImageIO.framework/Versions/A/Resources/libJP2.dylib
0x00007ff818c37000 	/System/Library/Frameworks/ImageIO.framework/Versions/A/Resources/libJPEG.dylib
0x00007ff818c2e000 	/System/Library/Frameworks/ImageIO.framework/Versions/A/Resources/libRadiance.dylib
0x00007ff814b02000 	/System/Library/PrivateFrameworks/FontServices.framework/libFontParser.dylib
0x00007ff8112b2000 	/System/Library/PrivateFrameworks/RunningBoardServices.framework/Versions/A/RunningBoardServices
0x00007ff82393d000 	/System/Library/PrivateFrameworks/IOSurfaceAccelerator.framework/Versions/A/IOSurfaceAccelerator
0x00007ff818602000 	/System/Library/PrivateFrameworks/WatchdogClient.framework/Versions/A/WatchdogClient
0x00007ff80c6bc000 	/System/Library/Frameworks/CoreDisplay.framework/Versions/A/CoreDisplay
0x00007ff8149f1000 	/System/Library/Frameworks/CoreMedia.framework/Versions/A/CoreMedia
0x00007ff8147e3000 	/System/Library/PrivateFrameworks/IOAccelerator.framework/Versions/A/IOAccelerator
0x00007ff813582000 	/System/Library/Frameworks/CoreVideo.framework/Versions/A/CoreVideo
0x00007ff81713c000 	/System/Library/Frameworks/MetalPerformanceShaders.framework/Versions/A/MetalPerformanceShaders
0x00007ff81863f000 	/System/Library/Frameworks/VideoToolbox.framework/Versions/A/VideoToolbox
0x00007ff8111f6000 	/System/Library/PrivateFrameworks/BaseBoard.framework/Versions/A/BaseBoard
0x00007ff818c27000 	/System/Library/PrivateFrameworks/GPUWrangler.framework/Versions/A/GPUWrangler
0x00007ff818c0b000 	/System/Library/PrivateFrameworks/IOPresentment.framework/Versions/A/IOPresentment
0x00007ff818c31000 	/System/Library/PrivateFrameworks/DSExternalDisplay.framework/Versions/A/DSExternalDisplay
0x00007ffb0ee52000 	/System/Library/PrivateFrameworks/GPUCompiler.framework/Versions/31001/Libraries/libllvm-flatbuffers.dylib
0x00007ffa20e0c000 	/System/Library/Frameworks/OpenGL.framework/Versions/A/Libraries/libCoreFSCache.dylib
0x00007ffb0ee4e000 	/System/Library/PrivateFrameworks/GPUCompiler.framework/Versions/31001/Libraries/libGPUCompilerUtils.dylib
0x00007ff818c9d000 	/System/Library/PrivateFrameworks/CMCaptureCore.framework/Versions/A/CMCaptureCore
0x00007ffa24003000 	/System/Library/Frameworks/ExtensionFoundation.framework/Versions/A/ExtensionFoundation
0x00007ff81f6c9000 	/System/Library/PrivateFrameworks/CoreTime.framework/Versions/A/CoreTime
0x00007ff8181d3000 	/System/Library/PrivateFrameworks/AppServerSupport.framework/Versions/A/AppServerSupport
0x00007ff81a558000 	/System/Library/PrivateFrameworks/perfdata.framework/Versions/A/perfdata
0x00007ff80c7e8000 	/System/Library/PrivateFrameworks/AudioToolboxCore.framework/Versions/A/AudioToolboxCore
0x00007ff8149cb000 	/System/Library/PrivateFrameworks/caulk.framework/Versions/A/caulk
0x00007ff819e25000 	/usr/lib/libAudioStatistics.dylib
0x00007ff90ea9a000 	/System/Library/PrivateFrameworks/SystemPolicy.framework/Versions/A/SystemPolicy
0x00007ff81a0c3000 	/usr/lib/libSMC.dylib
0x00007ff8231a5000 	/System/Library/Frameworks/CoreMIDI.framework/Versions/A/CoreMIDI
0x00007ff818b48000 	/usr/lib/libAudioToolboxUtility.dylib
0x00007ff8286c8000 	/System/Library/PrivateFrameworks/OSAServicesClient.framework/Versions/A/OSAServicesClient
0x00007ff81a565000 	/usr/lib/libperfcheck.dylib
0x00007ff817b03000 	/System/Library/PrivateFrameworks/PlugInKit.framework/Versions/A/PlugInKit
0x00007ff816370000 	/System/Library/PrivateFrameworks/AssertionServices.framework/Versions/A/AssertionServices
0x00007ffa20e67000 	/System/Library/Frameworks/OpenGL.framework/Versions/A/Libraries/libGLU.dylib
0x00007ffa20e2b000 	/System/Library/Frameworks/OpenGL.framework/Versions/A/Libraries/libGFXShared.dylib
0x00007ffa21034000 	/System/Library/Frameworks/OpenGL.framework/Versions/A/Libraries/libGL.dylib
0x00007ffa20e34000 	/System/Library/Frameworks/OpenGL.framework/Versions/A/Libraries/libGLImage.dylib
0x00007ffa20e28000 	/System/Library/Frameworks/OpenGL.framework/Versions/A/Libraries/libCVMSPluginSupport.dylib
0x00007ffb26aa5000 	/usr/lib/libRosetta.dylib
0x00007ffa20e13000 	/System/Library/Frameworks/OpenGL.framework/Versions/A/Libraries/libCoreVMClient.dylib
0x00007ff8156b3000 	/System/Library/Frameworks/MetalPerformanceShaders.framework/Versions/A/Frameworks/MPSCore.framework/Versions/A/MPSCore
0x00007ff816a5f000 	/System/Library/Frameworks/MetalPerformanceShaders.framework/Versions/A/Frameworks/MPSImage.framework/Versions/A/MPSImage
0x00007ff8164e1000 	/System/Library/Frameworks/MetalPerformanceShaders.framework/Versions/A/Frameworks/MPSNeuralNetwork.framework/Versions/A/MPSNeuralNetwork
0x00007ff816954000 	/System/Library/Frameworks/MetalPerformanceShaders.framework/Versions/A/Frameworks/MPSMatrix.framework/Versions/A/MPSMatrix
0x00007ff81670f000 	/System/Library/Frameworks/MetalPerformanceShaders.framework/Versions/A/Frameworks/MPSRayIntersector.framework/Versions/A/MPSRayIntersector
0x00007ff81698e000 	/System/Library/Frameworks/MetalPerformanceShaders.framework/Versions/A/Frameworks/MPSNDArray.framework/Versions/A/MPSNDArray
0x00007ffa2536e000 	/System/Library/Frameworks/MetalPerformanceShaders.framework/Versions/A/Frameworks/MPSFunctions.framework/Versions/A/MPSFunctions
0x00007ff80b4aa000 	/System/Library/PrivateFrameworks/MetalTools.framework/Versions/A/MetalTools
0x00007ff815739000 	/System/Library/PrivateFrameworks/AggregateDictionary.framework/Versions/A/AggregateDictionary
0x00007ff8179be000 	/usr/lib/libIOReport.dylib
0x00007ffa21afb000 	/System/Library/Frameworks/OpenCL.framework/Versions/A/OpenCL
0x00007ff817d65000 	/System/Library/PrivateFrameworks/GraphVisualizer.framework/Versions/A/GraphVisualizer
0x00007ffb0ed53000 	/System/Library/PrivateFrameworks/FontServices.framework/Versions/A/FontServices
0x00007ff81818e000 	/System/Library/PrivateFrameworks/OTSVG.framework/Versions/A/OTSVG
0x00007ff81314c000 	/System/Library/Frameworks/ApplicationServices.framework/Versions/A/Frameworks/ATS.framework/Versions/A/Resources/libFontRegistry.dylib
0x00007ff8181dd000 	/System/Library/PrivateFrameworks/FontServices.framework/libhvf.dylib
0x00007ffb0ed54000 	/System/Library/PrivateFrameworks/FontServices.framework/libXTFontStaticRegistryData.dylib
0x00007ffb1ff85000 	/System/Library/PrivateFrameworks/VideoToolboxParavirtualizationSupport.framework/Versions/A/VideoToolboxParavirtualizationSupport
0x00007ff817bcf000 	/System/Library/PrivateFrameworks/AppleVA.framework/Versions/A/AppleVA
0x00007ff819e65000 	/System/Library/Frameworks/ApplicationServices.framework/Versions/A/Frameworks/ATS.framework/Versions/A/ATS
0x00007ff810664000 	/System/Library/Frameworks/ApplicationServices.framework/Versions/A/Frameworks/HIServices.framework/Versions/A/HIServices
0x00007ff818ca9000 	/System/Library/Frameworks/ApplicationServices.framework/Versions/A/Frameworks/PrintCore.framework/Versions/A/PrintCore
0x00007ff81a218000 	/System/Library/Frameworks/ApplicationServices.framework/Versions/A/Frameworks/QD.framework/Versions/A/QD
0x00007ff81a210000 	/System/Library/Frameworks/ApplicationServices.framework/Versions/A/Frameworks/ColorSyncLegacy.framework/Versions/A/ColorSyncLegacy
0x00007ff819e39000 	/System/Library/Frameworks/ApplicationServices.framework/Versions/A/Frameworks/SpeechSynthesis.framework/Versions/A/SpeechSynthesis
0x00007ff818c67000 	/System/Library/Frameworks/ApplicationServices.framework/Versions/A/Frameworks/ATSUI.framework/Versions/A/ATSUI
0x00007ff81a1a3000 	/usr/lib/libcups.2.dylib
0x00007ff81a574000 	/System/Library/Frameworks/Kerberos.framework/Versions/A/Kerberos
0x00007ff81a583000 	/System/Library/Frameworks/GSS.framework/Versions/A/GSS
0x00007ff819ed3000 	/usr/lib/libresolv.9.dylib
0x00007ff8181ee000 	/System/Library/PrivateFrameworks/Heimdal.framework/Versions/A/Heimdal
0x00007ff8212d1000 	/System/Library/Frameworks/Kerberos.framework/Versions/A/Libraries/libHeimdalProxy.dylib
0x00007ff81a5ce000 	/System/Library/PrivateFrameworks/CommonAuth.framework/Versions/A/CommonAuth
0x00007ffa232d9000 	/System/Library/Frameworks/AVFAudio.framework/Versions/A/AVFAudio
0x00007ff828711000 	/System/Library/PrivateFrameworks/AXCoreUtilities.framework/Versions/A/AXCoreUtilities
0x00007ff819db5000 	/System/Library/PrivateFrameworks/AudioSession.framework/Versions/A/AudioSession
0x00007ff81b3af000 	/System/Library/Frameworks/IOBluetooth.framework/Versions/A/IOBluetooth
0x00007ff817cd5000 	/System/Library/PrivateFrameworks/MediaExperience.framework/Versions/A/MediaExperience
0x00007ff819c5c000 	/System/Library/PrivateFrameworks/AudioSession.framework/libSessionUtility.dylib
0x00007ff81a224000 	/System/Library/PrivateFrameworks/AudioResourceArbitration.framework/Versions/A/AudioResourceArbitration
0x00007ff81e308000 	/System/Library/PrivateFrameworks/PowerLog.framework/Versions/A/PowerLog
0x00007ff81e24a000 	/System/Library/Frameworks/CoreBluetooth.framework/Versions/A/CoreBluetooth
0x00007ff8212d2000 	/System/Library/Frameworks/AudioUnit.framework/Versions/A/AudioUnit
0x00007ff8161da000 	/System/Library/PrivateFrameworks/CoreUtils.framework/Versions/A/CoreUtils
0x00007ffb0d904000 	/System/Library/PrivateFrameworks/CoreUtilsExtras.framework/Versions/A/CoreUtilsExtras
0x00007ffb12655000 	/System/Library/PrivateFrameworks/IO80211.framework/Versions/A/IO80211
0x00007ff817c43000 	/System/Library/PrivateFrameworks/IconFoundation.framework/Versions/A/IconFoundation
0x00007ff81d327000 	/System/Library/PrivateFrameworks/SpeechRecognitionCore.framework/Versions/A/SpeechRecognitionCore
0x0000000109f82000 	/Library/Internet Plug-Ins/JavaAppletPlugin.plugin/Contents/Home/lib/server/libjvm.dylib
0x00000001091b4000 	/Library/Internet Plug-Ins/JavaAppletPlugin.plugin/Contents/Home/lib/libverify.dylib
0x000000010920c000 	/Library/Internet Plug-Ins/JavaAppletPlugin.plugin/Contents/Home/lib/libjava.dylib
0x00000001091d9000 	/Library/Internet Plug-Ins/JavaAppletPlugin.plugin/Contents/Home/lib/libzip.dylib
0x00000001221ee000 	/Library/Internet Plug-Ins/JavaAppletPlugin.plugin/Contents/Home/lib/libnet.dylib
0x00000001232f7000 	/Library/Internet Plug-Ins/JavaAppletPlugin.plugin/Contents/Home/lib/libnio.dylib
0x0000000123d18000 	/Library/Internet Plug-Ins/JavaAppletPlugin.plugin/Contents/Home/lib/libsunec.dylib
0x0000000124d4c000 	/Library/Internet Plug-Ins/JavaAppletPlugin.plugin/Contents/Home/lib/libawt.dylib
0x0000000124f45000 	/Library/Internet Plug-Ins/JavaAppletPlugin.plugin/Contents/Home/lib/libmlib_image.dylib
0x00007ffa245af000 	/System/Library/Frameworks/JavaNativeFoundation.framework/Versions/A/JavaNativeFoundation
0x00007ffa245bb000 	/System/Library/Frameworks/JavaRuntimeSupport.framework/Versions/A/JavaRuntimeSupport
0x00007ff90e4b1000 	/System/Library/Frameworks/Carbon.framework/Versions/A/Carbon
0x00007ff81f5f8000 	/System/Library/PrivateFrameworks/CoreSymbolication.framework/Versions/A/CoreSymbolication
0x00007ff824e55000 	/System/Library/Frameworks/Carbon.framework/Versions/A/Frameworks/CommonPanels.framework/Versions/A/CommonPanels
0x00007ff820c47000 	/System/Library/Frameworks/Carbon.framework/Versions/A/Frameworks/Help.framework/Versions/A/Help
0x00007ff824e59000 	/System/Library/Frameworks/Carbon.framework/Versions/A/Frameworks/ImageCapture.framework/Versions/A/ImageCapture
0x00007ff824e29000 	/System/Library/Frameworks/Carbon.framework/Versions/A/Frameworks/OpenScripting.framework/Versions/A/OpenScripting
0x00007ff824e51000 	/System/Library/Frameworks/Carbon.framework/Versions/A/Frameworks/Ink.framework/Versions/A/Ink
0x00007ff90e4ad000 	/System/Library/Frameworks/Carbon.framework/Versions/A/Frameworks/Print.framework/Versions/A/Print
0x00007ff824e4d000 	/System/Library/Frameworks/Carbon.framework/Versions/A/Frameworks/SecurityHI.framework/Versions/A/SecurityHI
0x00007ff81f5bd000 	/System/Library/PrivateFrameworks/DebugSymbols.framework/Versions/A/DebugSymbols
0x00000001251ad000 	/Library/Internet Plug-Ins/JavaAppletPlugin.plugin/Contents/Home/lib/libawt_lwawt.dylib
0x0000000124cf0000 	/Library/Internet Plug-Ins/JavaAppletPlugin.plugin/Contents/Home/lib/libosxapp.dylib
0x00007ff90d665000 	/System/Library/Frameworks/ExceptionHandling.framework/Versions/A/ExceptionHandling
0x00007ff81e8fa000 	/System/Library/Frameworks/FileProvider.framework/Versions/A/FileProvider
0x00007ff811161000 	/System/Library/Frameworks/Accounts.framework/Versions/A/Accounts
0x00007ff813611000 	/System/Library/PrivateFrameworks/UserManagement.framework/Versions/A/UserManagement
0x00007ff81ea85000 	/System/Library/PrivateFrameworks/GenerationalStorage.framework/Versions/A/GenerationalStorage
0x00007ff81e2fd000 	/System/Library/PrivateFrameworks/SymptomDiagnosticReporter.framework/Versions/A/SymptomDiagnosticReporter
0x00007ff80f047000 	/System/Library/PrivateFrameworks/DesktopServicesPriv.framework/Versions/A/DesktopServicesPriv
0x00007ff80de0b000 	/usr/lib/libsandbox.1.dylib
0x00007ff81a205000 	/System/Library/PrivateFrameworks/NetAuth.framework/Versions/A/NetAuth
0x00007ff81b232000 	/System/Library/PrivateFrameworks/Sharing.framework/Versions/A/Sharing
0x00007ff8135d7000 	/System/Library/PrivateFrameworks/login.framework/Versions/A/Frameworks/loginsupport.framework/Versions/A/loginsupport
0x00007ff8207f6000 	/System/Library/PrivateFrameworks/Apple80211.framework/Versions/A/Apple80211
0x00007ff816b48000 	/System/Library/PrivateFrameworks/AuthKit.framework/Versions/A/AuthKit
0x00007ff816160000 	/System/Library/Frameworks/CoreWLAN.framework/Versions/A/CoreWLAN
0x00007ff8207fa000 	/System/Library/PrivateFrameworks/CoreWiFi.framework/Versions/A/CoreWiFi
0x00007ffa11d18000 	/System/Library/PrivateFrameworks/WiFiPeerToPeer.framework/Versions/A/WiFiPeerToPeer
0x00007ff81f168000 	/System/Library/PrivateFrameworks/FrontBoardServices.framework/Versions/A/FrontBoardServices
0x00007ff81f200000 	/System/Library/PrivateFrameworks/BoardServices.framework/Versions/A/BoardServices
0x00007ff820959000 	/System/Library/PrivateFrameworks/BackBoardServices.framework/Versions/A/BackBoardServices
0x00007ff816cb6000 	/System/Library/Frameworks/UserNotifications.framework/Versions/A/UserNotifications
0x00007ff81a6c3000 	/System/Library/PrivateFrameworks/CorePhoneNumbers.framework/Versions/A/CorePhoneNumbers
0x00007ff819f00000 	/System/Library/PrivateFrameworks/MultiverseSupport.framework/Versions/A/MultiverseSupport
0x00007ff820bd4000 	/System/Library/PrivateFrameworks/RemoteServiceDiscovery.framework/Versions/A/RemoteServiceDiscovery
0x00007ff81e41b000 	/System/Library/PrivateFrameworks/DiskManagement.framework/Versions/A/DiskManagement
0x00007ff81e32f000 	/System/Library/PrivateFrameworks/AppleIDAuthSupport.framework/Versions/A/AppleIDAuthSupport
0x00007ffa27e34000 	/System/Library/PrivateFrameworks/AAAFoundation.framework/Versions/A/AAAFoundation
0x00007ff81a69c000 	/System/Library/PrivateFrameworks/KeychainCircle.framework/Versions/A/KeychainCircle
0x00007ff820be4000 	/System/Library/PrivateFrameworks/RemoteXPC.framework/Versions/A/RemoteXPC
0x00007ff81e3e7000 	/System/Library/PrivateFrameworks/MediaKit.framework/Versions/A/MediaKit
0x00007ff81e33b000 	/System/Library/Frameworks/DiscRecording.framework/Versions/A/DiscRecording
0x00007ff817b47000 	/usr/lib/libCoreStorage.dylib
0x00007ff820c4f000 	/usr/lib/libcsfde.dylib
0x00007ff81b480000 	/System/Library/PrivateFrameworks/ProtectedCloudStorage.framework/Versions/A/ProtectedCloudStorage
0x00007ff820c4b000 	/System/Library/PrivateFrameworks/EFILogin.framework/Versions/A/EFILogin
0x00007ff81eaab000 	/System/Library/PrivateFrameworks/OctagonTrust.framework/Versions/A/OctagonTrust
0x00007ff817b3f000 	/usr/lib/libMatch.1.dylib

VM Arguments:
jvm_args: -ea -Dfile.encoding=UTF-8 
java_command: org.eclipse.jdt.internal.junit.runner.RemoteTestRunner -version 3 -port 56176 -testLoaderClass org.eclipse.jdt.internal.junit4.runner.JUnit4TestLoader -loaderpluginname org.eclipse.jdt.junit4.runtime -classNames civica.nacional.iOS.runners.MainRunner
java_class_path (initial): /Users/user/Documents/GitlabiOS/lab-civica-ios-regresion-v3/target/test-classes:/Users/user/Documents/GitlabiOS/lab-civica-ios-regresion-v3/target/classes:/Users/user/.m2/repository/net/serenity-bdd/serenity-core/1.9.45/serenity-core-1.9.45.jar:/Users/user/.m2/repository/com/google/guava/guava/25.0-jre/guava-25.0-jre.jar:/Users/user/.m2/repository/com/google/code/findbugs/jsr305/1.3.9/jsr305-1.3.9.jar:/Users/user/.m2/repository/org/checkerframework/checker-compat-qual/2.0.0/checker-compat-qual-2.0.0.jar:/Users/user/.m2/repository/com/google/errorprone/error_prone_annotations/2.1.3/error_prone_annotations-2.1.3.jar:/Users/user/.m2/repository/com/google/j2objc/j2objc-annotations/1.1/j2objc-annotations-1.1.jar:/Users/user/.m2/repository/org/codehaus/mojo/animal-sniffer-annotations/1.14/animal-sniffer-annotations-1.14.jar:/Users/user/.m2/repository/com/google/inject/guice/4.2.0/guice-4.2.0.jar:/Users/user/.m2/repository/javax/inject/javax.inject/1/javax.inject-1.jar:/Users/user/.m2/repository/aopalliance/aopalliance/1.0/aopalliance-1.0.jar:/Users/user/.m2/repository/cglib/cglib/3.2.5/cglib-3.2.5.jar:/Users/user/.m2/repository/org/apache/ant/ant/1.9.6/ant-1.9.6.jar:/Users/user/.m2/repository/org/apache/ant/ant-launcher/1.9.6/ant-launcher-1.9.6.jar:/Users/user/.m2/repository/org/ow2/asm/asm/5.0.3/asm-5.0.3.jar:/Users/user/.m2/repository/commons-codec/commons-codec/1.10/commons-codec-1.10.jar:/Users/user/.m2/repository/org/objenesis/objenesis/2.6/objenesis-2.6.jar:/Users/user/.m2/repository/org/slf4j/slf4j-api/1.7.25/slf4j-api-1.7.25.jar:/Users/user/.m2/repository/xml-apis/xml-apis/1.4.01/xml-apis-1.4.01.jar:/Users/user/.m2/repository/io/cucumber/cucumber-core/2.4.0/cucumber-core-2.4.0.jar:/Users/user/.m2/repository/info/cukes/cucumber-html/0.2.6/cucumber-html-0.2.6.jar:/Users/user/.m2/repository/io/cucumber/cucumber-jvm-deps/1.0.6/cucumber-jvm-deps-1.0.6.jar:/Users/user/.m2/repository/io/cucumber/gherkin/5.0.0/gherkin-5.0.0.jar:/Users/us
Launcher Type: SUN_STANDARD

Environment Variables:
PATH=/usr/bin:/bin:/usr/sbin:/sbin
SHELL=/bin/zsh

Signal Handlers:
SIGSEGV: [libjvm.dylib+0x59cd83], sa_mask[0]=11111111111111111111111111111111, sa_flags=SA_ONSTACK|SA_RESTART|SA_SIGINFO
SIGBUS: [libjvm.dylib+0x59cd83], sa_mask[0]=11111111111111111111111111111111, sa_flags=SA_RESTART|SA_SIGINFO
SIGFPE: [libjvm.dylib+0x59cd83], sa_mask[0]=11111111111111111111111111111111, sa_flags=SA_RESTART|SA_SIGINFO
SIGPIPE: [libjvm.dylib+0x4905af], sa_mask[0]=11111111111111111111111111111111, sa_flags=SA_RESTART|SA_SIGINFO
SIGXFSZ: [libjvm.dylib+0x4905af], sa_mask[0]=11111111111111111111111111111111, sa_flags=SA_RESTART|SA_SIGINFO
SIGILL: [libjvm.dylib+0x59cd83], sa_mask[0]=11111111111111111111111111111111, sa_flags=SA_RESTART|SA_SIGINFO
SIGUSR1: SIG_DFL, sa_mask[0]=00000000000000000000000000000000, sa_flags=none
SIGUSR2: [libjvm.dylib+0x490eaa], sa_mask[0]=00100000000000000000000000000000, sa_flags=SA_RESTART|SA_SIGINFO
SIGHUP: [libjvm.dylib+0x48f0ef], sa_mask[0]=11111111111111111111111111111111, sa_flags=SA_RESTART|SA_SIGINFO
SIGINT: [libjvm.dylib+0x48f0ef], sa_mask[0]=11111111111111111111111111111111, sa_flags=SA_RESTART|SA_SIGINFO
SIGTERM: [libjvm.dylib+0x48f0ef], sa_mask[0]=11111111111111111111111111111111, sa_flags=SA_RESTART|SA_SIGINFO
SIGQUIT: [libjvm.dylib+0x48f0ef], sa_mask[0]=11111111111111111111111111111111, sa_flags=SA_RESTART|SA_SIGINFO


---------------  S Y S T E M  ---------------

OS:Bsduname:Darwin 22.2.0 Darwin Kernel Version 22.2.0: Fri Nov 11 02:04:44 PST 2022; root:xnu-8792.61.2~4/RELEASE_ARM64_T8103 x86_64
rlimit: STACK 8176k, CORE 0k, NPROC 1333, NOFILE 10240, AS infinity
load average:2.97 2.67 2.80

CPU:total 8 (initial active 8) (1 cores per cpu, 1 threads per core) family 6 model 44 stepping 0, cmov, cx8, fxsr, mmx, sse, sse2, sse3, ssse3, sse4.1, sse4.2, popcnt, aes, clmul, tsc, tscinvbit, tscinv

Memory: 4k page, physical 8388608k(21612k free)

/proc/meminfo:


vm_info: Java HotSpot(TM) 64-Bit Server VM (25.331-b09) for bsd-amd64 JRE (1.8.0_331-b09), built on Mar 10 2022 11:04:54 by "java_re" with gcc 4.2.1 Compatible Apple LLVM 11.0.0 (clang-1100.0.33.17)

time: Wed Jun 28 08:26:14 2023
timezone: -05
elapsed time: 24.773246 seconds (0d 0h 0m 24s)

